This file contains any messages produced by compilers while
running configure, to aid debugging if configure makes a mistake.

It was created by libbswabe configure 0.9, which was
generated by GNU Autoconf 2.69.  Invocation command line was

  $ ./configure 

## --------- ##
## Platform. ##
## --------- ##

hostname = ram-Aspire-A315-41
uname -m = x86_64
uname -r = 5.4.0-26-generic
uname -s = Linux
uname -v = #30-Ubuntu SMP Mon Apr 20 16:58:30 UTC 2020

/usr/bin/uname -p = x86_64
/bin/uname -X     = unknown

/bin/arch              = x86_64
/usr/bin/arch -k       = unknown
/usr/convex/getsysinfo = unknown
/usr/bin/hostinfo      = unknown
/bin/machine           = unknown
/usr/bin/oslevel       = unknown
/bin/universe          = unknown

PATH: /usr/local/sbin
PATH: /usr/local/bin
PATH: /usr/sbin
PATH: /usr/bin
PATH: /sbin
PATH: /bin
PATH: /usr/games
PATH: /usr/local/games
PATH: /snap/bin


## ----------- ##
## Core tests. ##
## ----------- ##

configure:2230: checking whether to enable debugging
configure:2250: result: no
configure:2301: checking for gcc
configure:2317: found /usr/bin/gcc
configure:2328: result: gcc
configure:2557: checking for C compiler version
configure:2566: gcc --version >&5
gcc (Ubuntu 9.3.0-10ubuntu2) 9.3.0
Copyright (C) 2019 Free Software Foundation, Inc.
This is free software; see the source for copying conditions.  There is NO
warranty; not even for MERCHANTABILITY or FITNESS FOR A PARTICULAR PURPOSE.

configure:2577: $? = 0
configure:2566: gcc -v >&5
Using built-in specs.
COLLECT_GCC=gcc
COLLECT_LTO_WRAPPER=/usr/lib/gcc/x86_64-linux-gnu/9/lto-wrapper
OFFLOAD_TARGET_NAMES=nvptx-none:hsa
OFFLOAD_TARGET_DEFAULT=1
Target: x86_64-linux-gnu
Configured with: ../src/configure -v --with-pkgversion='Ubuntu 9.3.0-10ubuntu2' --with-bugurl=file:///usr/share/doc/gcc-9/README.Bugs --enable-languages=c,ada,c++,go,brig,d,fortran,objc,obj-c++,gm2 --prefix=/usr --with-gcc-major-version-only --program-suffix=-9 --program-prefix=x86_64-linux-gnu- --enable-shared --enable-linker-build-id --libexecdir=/usr/lib --without-included-gettext --enable-threads=posix --libdir=/usr/lib --enable-nls --enable-clocale=gnu --enable-libstdcxx-debug --enable-libstdcxx-time=yes --with-default-libstdcxx-abi=new --enable-gnu-unique-object --disable-vtable-verify --enable-plugin --enable-default-pie --with-system-zlib --with-target-system-zlib=auto --enable-objc-gc=auto --enable-multiarch --disable-werror --with-arch-32=i686 --with-abi=m64 --with-multilib-list=m32,m64,mx32 --enable-multilib --with-tune=generic --enable-offload-targets=nvptx-none,hsa --without-cuda-driver --enable-checking=release --build=x86_64-linux-gnu --host=x86_64-linux-gnu --target=x86_64-linux-gnu
Thread model: posix
gcc version 9.3.0 (Ubuntu 9.3.0-10ubuntu2) 
configure:2577: $? = 0
configure:2566: gcc -V >&5
gcc: error: unrecognized command line option '-V'
gcc: fatal error: no input files
compilation terminated.
configure:2577: $? = 1
configure:2566: gcc -qversion >&5
gcc: error: unrecognized command line option '-qversion'; did you mean '--version'?
gcc: fatal error: no input files
compilation terminated.
configure:2577: $? = 1
configure:2597: checking whether the C compiler works
configure:2619: gcc -O3 -Wall  -O3 -Wall conftest.c  >&5
configure:2623: $? = 0
configure:2671: result: yes
configure:2674: checking for C compiler default output file name
configure:2676: result: a.out
configure:2682: checking for suffix of executables
configure:2689: gcc -o conftest -O3 -Wall  -O3 -Wall conftest.c  >&5
configure:2693: $? = 0
configure:2715: result: 
configure:2737: checking whether we are cross compiling
configure:2745: gcc -o conftest -O3 -Wall  -O3 -Wall conftest.c  >&5
configure:2749: $? = 0
configure:2756: ./conftest
configure:2760: $? = 0
configure:2748: result: no
configure:2753: checking for suffix of object files
configure:2775: gcc -c -O3 -Wall  conftest.c >&5
configure:2779: $? = 0
configure:2800: result: o
configure:2804: checking whether we are using the GNU C compiler
configure:2823: gcc -c -O3 -Wall  conftest.c >&5
configure:2823: $? = 0
configure:2832: result: yes
configure:2841: checking whether gcc accepts -g
configure:2861: gcc -c -g  conftest.c >&5
configure:2861: $? = 0
configure:2902: result: yes
configure:2919: checking for gcc option to accept ISO C89
configure:2982: gcc  -c -O3 -Wall  conftest.c >&5
configure:2982: $? = 0
configure:2995: result: none needed
configure:3022: checking for an ANSI C-conforming const
configure:3088: gcc -c -O3 -Wall  conftest.c >&5
configure:3088: $? = 0
configure:3095: result: yes
configure:3108: checking how to run the C preprocessor
configure:3139: gcc -E  conftest.c
configure:3139: $? = 0
configure:3153: gcc -E  conftest.c
conftest.c:9:10: fatal error: ac_nonexistent.h: No such file or directory
    9 | #include <ac_nonexistent.h>
      |          ^~~~~~~~~~~~~~~~~~
compilation terminated.
configure:3153: $? = 1
configure: failed program was:
| /* confdefs.h */
| #define PACKAGE_NAME "libbswabe"
| #define PACKAGE_TARNAME "libbswabe"
| #define PACKAGE_VERSION "0.9"
| #define PACKAGE_STRING "libbswabe 0.9"
| #define PACKAGE_BUGREPORT "bethenco@cs.berkeley.edu"
| #define PACKAGE_URL ""
| /* end confdefs.h.  */
| #include <ac_nonexistent.h>
configure:3178: result: gcc -E
configure:3198: gcc -E  conftest.c
configure:3198: $? = 0
configure:3212: gcc -E  conftest.c
conftest.c:9:10: fatal error: ac_nonexistent.h: No such file or directory
    9 | #include <ac_nonexistent.h>
      |          ^~~~~~~~~~~~~~~~~~
compilation terminated.
configure:3212: $? = 1
configure: failed program was:
| /* confdefs.h */
| #define PACKAGE_NAME "libbswabe"
| #define PACKAGE_TARNAME "libbswabe"
| #define PACKAGE_VERSION "0.9"
| #define PACKAGE_STRING "libbswabe 0.9"
| #define PACKAGE_BUGREPORT "bethenco@cs.berkeley.edu"
| #define PACKAGE_URL ""
| /* end confdefs.h.  */
| #include <ac_nonexistent.h>
configure:3241: checking for grep that handles long lines and -e
configure:3299: result: /usr/bin/grep
configure:3304: checking for egrep
configure:3366: result: /usr/bin/grep -E
configure:3371: checking for ANSI C header files
configure:3391: gcc -c -O3 -Wall  conftest.c >&5
configure:3391: $? = 0
configure:3464: gcc -o conftest -O3 -Wall  -O3 -Wall conftest.c  >&5
configure:3464: $? = 0
configure:3464: ./conftest
configure:3464: $? = 0
configure:3475: result: yes
configure:3488: checking for sys/types.h
configure:3488: gcc -c -O3 -Wall  conftest.c >&5
configure:3488: $? = 0
configure:3488: result: yes
configure:3488: checking for sys/stat.h
configure:3488: gcc -c -O3 -Wall  conftest.c >&5
configure:3488: $? = 0
configure:3488: result: yes
configure:3488: checking for stdlib.h
configure:3488: gcc -c -O3 -Wall  conftest.c >&5
configure:3488: $? = 0
configure:3488: result: yes
configure:3488: checking for string.h
configure:3488: gcc -c -O3 -Wall  conftest.c >&5
configure:3488: $? = 0
configure:3488: result: yes
configure:3488: checking for memory.h
configure:3488: gcc -c -O3 -Wall  conftest.c >&5
configure:3488: $? = 0
configure:3488: result: yes
configure:3488: checking for strings.h
configure:3488: gcc -c -O3 -Wall  conftest.c >&5
configure:3488: $? = 0
configure:3488: result: yes
configure:3488: checking for inttypes.h
configure:3488: gcc -c -O3 -Wall  conftest.c >&5
configure:3488: $? = 0
configure:3488: result: yes
configure:3488: checking for stdint.h
configure:3488: gcc -c -O3 -Wall  conftest.c >&5
configure:3488: $? = 0
configure:3488: result: yes
configure:3488: checking for unistd.h
configure:3488: gcc -c -O3 -Wall  conftest.c >&5
configure:3488: $? = 0
configure:3488: result: yes
configure:3500: checking for uint32_t
configure:3500: gcc -c -O3 -Wall  conftest.c >&5
configure:3500: $? = 0
configure:3500: result: yes
configure:3515: checking for ANSI C header files
configure:3619: result: yes
configure:3630: checking for stdint.h
configure:3630: result: yes
configure:3630: checking for stdlib.h
configure:3630: result: yes
configure:3630: checking for string.h
configure:3630: result: yes
configure:3645: checking for stdlib.h
configure:3645: result: yes
configure:3655: checking for GNU libc compatible malloc
configure:3679: gcc -o conftest -O3 -Wall  -O3 -Wall conftest.c  >&5
configure:3679: $? = 0
configure:3679: ./conftest
configure:3679: $? = 0
configure:3689: result: yes
configure:3710: checking for size_t
configure:3710: gcc -c -O3 -Wall  conftest.c >&5
configure:3710: $? = 0
configure:3710: gcc -c -O3 -Wall  conftest.c >&5
conftest.c: In function 'main':
conftest.c:61:21: error: expected expression before ')' token
   61 | if (sizeof ((size_t)))
      |                     ^
configure:3710: $? = 1
configure: failed program was:
| /* confdefs.h */
| #define PACKAGE_NAME "libbswabe"
| #define PACKAGE_TARNAME "libbswabe"
| #define PACKAGE_VERSION "0.9"
| #define PACKAGE_STRING "libbswabe 0.9"
| #define PACKAGE_BUGREPORT "bethenco@cs.berkeley.edu"
| #define PACKAGE_URL ""
| #define STDC_HEADERS 1
| #define HAVE_SYS_TYPES_H 1
| #define HAVE_SYS_STAT_H 1
| #define HAVE_STDLIB_H 1
| #define HAVE_STRING_H 1
| #define HAVE_MEMORY_H 1
| #define HAVE_STRINGS_H 1
| #define HAVE_INTTYPES_H 1
| #define HAVE_STDINT_H 1
| #define HAVE_UNISTD_H 1
| #define STDC_HEADERS 1
| #define HAVE_STDINT_H 1
| #define HAVE_STDLIB_H 1
| #define HAVE_STRING_H 1
| #define HAVE_STDLIB_H 1
| #define HAVE_MALLOC 1
| /* end confdefs.h.  */
| #include <stdio.h>
| #ifdef HAVE_SYS_TYPES_H
| # include <sys/types.h>
| #endif
| #ifdef HAVE_SYS_STAT_H
| # include <sys/stat.h>
| #endif
| #ifdef STDC_HEADERS
| # include <stdlib.h>
| # include <stddef.h>
| #else
| # ifdef HAVE_STDLIB_H
| #  include <stdlib.h>
| # endif
| #endif
| #ifdef HAVE_STRING_H
| # if !defined STDC_HEADERS && defined HAVE_MEMORY_H
| #  include <memory.h>
| # endif
| # include <string.h>
| #endif
| #ifdef HAVE_STRINGS_H
| # include <strings.h>
| #endif
| #ifdef HAVE_INTTYPES_H
| # include <inttypes.h>
| #endif
| #ifdef HAVE_STDINT_H
| # include <stdint.h>
| #endif
| #ifdef HAVE_UNISTD_H
| # include <unistd.h>
| #endif
| int
| main ()
| {
| if (sizeof ((size_t)))
| 	    return 0;
|   ;
|   return 0;
| }
configure:3710: result: yes
configure:3723: checking for working alloca.h
configure:3740: gcc -o conftest -O3 -Wall  -O3 -Wall conftest.c  >&5
configure:3740: $? = 0
configure:3748: result: yes
configure:3756: checking for alloca
configure:3793: gcc -o conftest -O3 -Wall  -O3 -Wall conftest.c  >&5
configure:3793: $? = 0
configure:3801: result: yes
configure:3909: checking for vprintf
configure:3909: gcc -o conftest -O3 -Wall  -O3 -Wall conftest.c  >&5
conftest.c:50:6: warning: conflicting types for built-in function 'vprintf'; expected 'int(const char *, __va_list_tag *)' [-Wbuiltin-declaration-mismatch]
   50 | char vprintf ();
      |      ^~~~~~~
conftest.c:38:1: note: 'vprintf' is declared in header '<stdio.h>'
   37 | # include <limits.h>
   38 | #else
configure:3909: $? = 0
configure:3909: result: yes
configure:3915: checking for _doprnt
configure:3915: gcc -o conftest -O3 -Wall  -O3 -Wall conftest.c  >&5
/usr/bin/ld: /tmp/cc68ExmQ.o: in function `main':
conftest.c:(.text.startup+0xb): undefined reference to `_doprnt'
collect2: error: ld returned 1 exit status
configure:3915: $? = 1
configure: failed program was:
| /* confdefs.h */
| #define PACKAGE_NAME "libbswabe"
| #define PACKAGE_TARNAME "libbswabe"
| #define PACKAGE_VERSION "0.9"
| #define PACKAGE_STRING "libbswabe 0.9"
| #define PACKAGE_BUGREPORT "bethenco@cs.berkeley.edu"
| #define PACKAGE_URL ""
| #define STDC_HEADERS 1
| #define HAVE_SYS_TYPES_H 1
| #define HAVE_SYS_STAT_H 1
| #define HAVE_STDLIB_H 1
| #define HAVE_STRING_H 1
| #define HAVE_MEMORY_H 1
| #define HAVE_STRINGS_H 1
| #define HAVE_INTTYPES_H 1
| #define HAVE_STDINT_H 1
| #define HAVE_UNISTD_H 1
| #define STDC_HEADERS 1
| #define HAVE_STDINT_H 1
| #define HAVE_STDLIB_H 1
| #define HAVE_STRING_H 1
| #define HAVE_STDLIB_H 1
| #define HAVE_MALLOC 1
| #define HAVE_ALLOCA_H 1
| #define HAVE_ALLOCA 1
| #define HAVE_VPRINTF 1
| /* end confdefs.h.  */
| /* Define _doprnt to an innocuous variant, in case <limits.h> declares _doprnt.
|    For example, HP-UX 11i <limits.h> declares gettimeofday.  */
| #define _doprnt innocuous__doprnt
| 
| /* System header to define __stub macros and hopefully few prototypes,
|     which can conflict with char _doprnt (); below.
|     Prefer <limits.h> to <assert.h> if __STDC__ is defined, since
|     <limits.h> exists even on freestanding compilers.  */
| 
| #ifdef __STDC__
| # include <limits.h>
| #else
| # include <assert.h>
| #endif
| 
| #undef _doprnt
| 
| /* Override any GCC internal prototype to avoid an error.
|    Use char because int might match the return type of a GCC
|    builtin and then its argument prototype would still apply.  */
| #ifdef __cplusplus
| extern "C"
| #endif
| char _doprnt ();
| /* The GNU C library defines this for functions which it implements
|     to always fail with ENOSYS.  Some functions are actually named
|     something starting with __ and the normal name is an alias.  */
| #if defined __stub__doprnt || defined __stub____doprnt
| choke me
| #endif
| 
| int
| main ()
| {
| return _doprnt ();
|   ;
|   return 0;
| }
configure:3915: result: no
configure:3926: checking for SHA1 in -lcrypto
configure:3951: gcc -o conftest -O3 -Wall  -O3 -Wall conftest.c -lcrypto   >&5
configure:3951: $? = 0
configure:3960: result: yes
configure:3975: checking for strdup
configure:3975: gcc -o conftest -O3 -Wall  -O3 -Wall conftest.c -lcrypto  >&5
conftest.c:52:6: warning: conflicting types for built-in function 'strdup'; expected 'char *(const char *)' [-Wbuiltin-declaration-mismatch]
   52 | char strdup ();
      |      ^~~~~~
configure:3975: $? = 0
configure:3975: result: yes
configure:4016: checking for pkg-config
configure:4034: found /usr/bin/pkg-config
configure:4047: result: /usr/bin/pkg-config
configure:4071: checking for GLIB - version >= 2.0.0
configure:4185: gcc -o conftest -O3 -Wall -I/usr/include/glib-2.0 -I/usr/lib/x86_64-linux-gnu/glib-2.0/include  -O3 -Wall conftest.c -lglib-2.0 -lcrypto  >&5
conftest.c: In function 'main':
conftest.c:41:3: warning: ignoring return value of 'system', declared with attribute warn_unused_result [-Wunused-result]
   41 |   system ("touch conf.glibtest");
      |   ^~~~~~~~~~~~~~~~~~~~~~~~~~~~~~
configure:4185: $? = 0
configure:4185: ./conftest
configure:4185: $? = 0
configure:4199: result: yes (version 2.64.2)
configure:4267: checking for GMP version >= 4.0.0 or later
configure:4314: gcc -o conftest -O3 -Wall   -O3 -Wall conftest.c -lcrypto  -lgmp >&5
configure:4314: $? = 0
configure:4329: gcc -o conftest -O3 -Wall   -O3 -Wall conftest.c -lcrypto  -lgmp >&5
configure:4329: $? = 0
configure:4329: ./conftest
configure:4329: $? = 0
configure:4331: result: found
configure:4390: checking for the PBC library
configure:4437: gcc -o conftest -O3 -Wall  -I/usr/include/pbc -I/usr/local/include/pbc  -O3 -Wall conftest.c -lcrypto  -lgmp -lpbc >&5
configure:4437: $? = 0
configure:4439: result: found
configure:4621: creating ./config.status

## ---------------------- ##
## Running config.status. ##
## ---------------------- ##

This file was extended by libbswabe config.status 0.9, which was
generated by GNU Autoconf 2.69.  Invocation command line was

  CONFIG_FILES    = 
  CONFIG_HEADERS  = 
  CONFIG_LINKS    = 
  CONFIG_COMMANDS = 
  $ ./config.status 

on ram-Aspire-A315-41

config.status:732: creating Makefile

## ---------------- ##
## Cache variables. ##
## ---------------- ##

ac_cv_c_compiler_gnu=yes
ac_cv_c_const=yes
ac_cv_c_uint32_t=yes
ac_cv_env_CC_set=
ac_cv_env_CC_value=
ac_cv_env_CFLAGS_set=
ac_cv_env_CFLAGS_value=
ac_cv_env_CPPFLAGS_set=
ac_cv_env_CPPFLAGS_value=
ac_cv_env_CPP_set=
ac_cv_env_CPP_value=
ac_cv_env_LDFLAGS_set=
ac_cv_env_LDFLAGS_value=
ac_cv_env_LIBS_set=
ac_cv_env_LIBS_value=
ac_cv_env_build_alias_set=
ac_cv_env_build_alias_value=
ac_cv_env_host_alias_set=
ac_cv_env_host_alias_value=
ac_cv_env_target_alias_set=
ac_cv_env_target_alias_value=
ac_cv_func__doprnt=no
ac_cv_func_alloca_works=yes
ac_cv_func_malloc_0_nonnull=yes
ac_cv_func_strdup=yes
ac_cv_func_vprintf=yes
ac_cv_header_inttypes_h=yes
ac_cv_header_memory_h=yes
ac_cv_header_stdc=yes
ac_cv_header_stdint_h=yes
ac_cv_header_stdlib_h=yes
ac_cv_header_string_h=yes
ac_cv_header_strings_h=yes
ac_cv_header_sys_stat_h=yes
ac_cv_header_sys_types_h=yes
ac_cv_header_unistd_h=yes
ac_cv_lib_crypto_SHA1=yes
ac_cv_objext=o
ac_cv_path_EGREP='/usr/bin/grep -E'
ac_cv_path_GREP=/usr/bin/grep
ac_cv_path_PKG_CONFIG=/usr/bin/pkg-config
ac_cv_prog_CPP='gcc -E'
ac_cv_prog_ac_ct_CC=gcc
ac_cv_prog_cc_c89=
ac_cv_prog_cc_g=yes
ac_cv_type_size_t=yes
ac_cv_working_alloca_h=yes

## ----------------- ##
## Output variables. ##
## ----------------- ##

ALLOCA=''
CC='gcc'
CFLAGS='-O3 -Wall'
CPP='gcc -E'
CPPFLAGS=''
DEFS='-DPACKAGE_NAME=\"libbswabe\" -DPACKAGE_TARNAME=\"libbswabe\" -DPACKAGE_VERSION=\"0.9\" -DPACKAGE_STRING=\"libbswabe\ 0.9\" -DPACKAGE_BUGREPORT=\"bethenco@cs.berkeley.edu\" -DPACKAGE_URL=\"\" -DSTDC_HEADERS=1 -DHAVE_SYS_TYPES_H=1 -DHAVE_SYS_STAT_H=1 -DHAVE_STDLIB_H=1 -DHAVE_STRING_H=1 -DHAVE_MEMORY_H=1 -DHAVE_STRINGS_H=1 -DHAVE_INTTYPES_H=1 -DHAVE_STDINT_H=1 -DHAVE_UNISTD_H=1 -DSTDC_HEADERS=1 -DHAVE_STDINT_H=1 -DHAVE_STDLIB_H=1 -DHAVE_STRING_H=1 -DHAVE_STDLIB_H=1 -DHAVE_MALLOC=1 -DHAVE_ALLOCA_H=1 -DHAVE_ALLOCA=1 -DHAVE_VPRINTF=1 -DHAVE_LIBCRYPTO=1 -DHAVE_STRDUP=1 -DHAVE_GMP=1 -DHAVE_PBC=1'
ECHO_C=''
ECHO_N='-n'
ECHO_T=''
EGREP='/usr/bin/grep -E'
EXEEXT=''
GLIB_CFLAGS='-I/usr/include/glib-2.0 -I/usr/lib/x86_64-linux-gnu/glib-2.0/include'
GLIB_GENMARSHAL='/usr/bin/glib-genmarshal'
GLIB_LIBS='-lglib-2.0'
GLIB_MKENUMS='/usr/bin/glib-mkenums'
GMP_CFLAGS=''
GMP_LIBS='-lgmp'
GOBJECT_QUERY='/usr/bin/gobject-query'
GREP='/usr/bin/grep'
LDFLAGS='-O3 -Wall'
LIBOBJS=''
LIBS='-lcrypto '
LTLIBOBJS=''
OBJEXT='o'
PACKAGE_BUGREPORT='bethenco@cs.berkeley.edu'
PACKAGE_NAME='libbswabe'
PACKAGE_STRING='libbswabe 0.9'
PACKAGE_TARNAME='libbswabe'
PACKAGE_URL=''
PACKAGE_VERSION='0.9'
PATH_SEPARATOR=':'
PBC_CFLAGS='-I/usr/include/pbc -I/usr/local/include/pbc'
PBC_LIBS='-lpbc'
PKG_CONFIG='/usr/bin/pkg-config'
SHELL='/bin/bash'
ac_ct_CC='gcc'
bindir='${exec_prefix}/bin'
build_alias=''
datadir='${datarootdir}'
datarootdir='${prefix}/share'
docdir='${datarootdir}/doc/${PACKAGE_TARNAME}'
dvidir='${docdir}'
exec_prefix='${prefix}'
host_alias=''
htmldir='${docdir}'
includedir='${prefix}/include'
infodir='${datarootdir}/info'
libdir='${exec_prefix}/lib'
libexecdir='${exec_prefix}/libexec'
localedir='${datarootdir}/locale'
localstatedir='${prefix}/var'
mandir='${datarootdir}/man'
oldincludedir='/usr/include'
pdfdir='${docdir}'
prefix='/usr/local'
program_transform_name='s,x,x,'
psdir='${docdir}'
sbindir='${exec_prefix}/sbin'
sharedstatedir='${prefix}/com'
sysconfdir='${prefix}/etc'
target_alias=''

## ----------- ##
## confdefs.h. ##
## ----------- ##

/* confdefs.h */
#define PACKAGE_NAME "libbswabe"
#define PACKAGE_TARNAME "libbswabe"
#define PACKAGE_VERSION "0.9"
#define PACKAGE_STRING "libbswabe 0.9"
#define PACKAGE_BUGREPORT "bethenco@cs.berkeley.edu"
#define PACKAGE_URL ""
#define STDC_HEADERS 1
#define HAVE_SYS_TYPES_H 1
#define HAVE_SYS_STAT_H 1
#define HAVE_STDLIB_H 1
#define HAVE_STRING_H 1
#define HAVE_MEMORY_H 1
#define HAVE_STRINGS_H 1
#define HAVE_INTTYPES_H 1
#define HAVE_STDINT_H 1
#define HAVE_UNISTD_H 1
#define STDC_HEADERS 1
#define HAVE_STDINT_H 1
#define HAVE_STDLIB_H 1
#define HAVE_STRING_H 1
#define HAVE_STDLIB_H 1
#define HAVE_MALLOC 1
#define HAVE_ALLOCA_H 1
#define HAVE_ALLOCA 1
#define HAVE_VPRINTF 1
#define HAVE_LIBCRYPTO 1
#define HAVE_STRDUP 1
#define HAVE_GMP 1
#define HAVE_PBC 1

configure: exit 0
