This file contains any messages produced by compilers while
running configure, to aid debugging if configure makes a mistake.

It was created by cpabe configure 0.11, which was
generated by GNU Autoconf 2.69.  Invocation command line was

  $ ./configure --no-create --no-recursion

## --------- ##
## Platform. ##
## --------- ##

hostname = R-Phantom
uname -m = x86_64
uname -r = 4.15.0-60-generic
uname -s = Linux
uname -v = #67-Ubuntu SMP Thu Aug 22 16:55:30 UTC 2019

/usr/bin/uname -p = unknown
/bin/uname -X     = unknown

/bin/arch              = unknown
/usr/bin/arch -k       = unknown
/usr/convex/getsysinfo = unknown
/usr/bin/hostinfo      = unknown
/bin/machine           = unknown
/usr/bin/oslevel       = unknown
/bin/universe          = unknown

PATH: /home/raj/.local/bin
PATH: /home/raj/bin
PATH: /home/raj/.local/bin
PATH: /home/raj/bin
PATH: /usr/local/sbin
PATH: /usr/local/bin
PATH: /usr/sbin
PATH: /usr/bin
PATH: /sbin
PATH: /bin
PATH: /usr/games
PATH: /usr/local/games
PATH: /snap/bin
PATH: /usr/lib/jvm/java-8-oracle/bin
PATH: /usr/lib/jvm/java-8-oracle/db/bin
PATH: /usr/lib/jvm/java-8-oracle/jre/bin
PATH: /usr/lib/jvm/java-8-oracle/bin
PATH: /usr/lib/jvm/java-8-oracle/db/bin
PATH: /usr/lib/jvm/java-8-oracle/jre/bin
PATH: /home/raj/bin
PATH: /home/raj/bin


## ----------- ##
## Core tests. ##
## ----------- ##

configure:2264: checking whether to enable debugging
configure:2282: result: no
configure:2289: checking for bison
configure:2305: found /usr/bin/bison
configure:2316: result: bison -y
configure:2376: checking for gcc
configure:2392: found /usr/bin/gcc
configure:2403: result: gcc
configure:2632: checking for C compiler version
configure:2641: gcc --version >&5
gcc (Ubuntu 7.5.0-3ubuntu1~18.04) 7.5.0
Copyright (C) 2017 Free Software Foundation, Inc.
This is free software; see the source for copying conditions.  There is NO
warranty; not even for MERCHANTABILITY or FITNESS FOR A PARTICULAR PURPOSE.

configure:2652: $? = 0
configure:2641: gcc -v >&5
Using built-in specs.
COLLECT_GCC=gcc
COLLECT_LTO_WRAPPER=/usr/lib/gcc/x86_64-linux-gnu/7/lto-wrapper
OFFLOAD_TARGET_NAMES=nvptx-none
OFFLOAD_TARGET_DEFAULT=1
Target: x86_64-linux-gnu
Configured with: ../src/configure -v --with-pkgversion='Ubuntu 7.5.0-3ubuntu1~18.04' --with-bugurl=file:///usr/share/doc/gcc-7/README.Bugs --enable-languages=c,ada,c++,go,brig,d,fortran,objc,obj-c++ --prefix=/usr --with-gcc-major-version-only --program-suffix=-7 --program-prefix=x86_64-linux-gnu- --enable-shared --enable-linker-build-id --libexecdir=/usr/lib --without-included-gettext --enable-threads=posix --libdir=/usr/lib --enable-nls --enable-bootstrap --enable-clocale=gnu --enable-libstdcxx-debug --enable-libstdcxx-time=yes --with-default-libstdcxx-abi=new --enable-gnu-unique-object --disable-vtable-verify --enable-libmpx --enable-plugin --enable-default-pie --with-system-zlib --with-target-system-zlib --enable-objc-gc=auto --enable-multiarch --disable-werror --with-arch-32=i686 --with-abi=m64 --with-multilib-list=m32,m64,mx32 --enable-multilib --with-tune=generic --enable-offload-targets=nvptx-none --without-cuda-driver --enable-checking=release --build=x86_64-linux-gnu --host=x86_64-linux-gnu --target=x86_64-linux-gnu
Thread model: posix
gcc version 7.5.0 (Ubuntu 7.5.0-3ubuntu1~18.04) 
configure:2652: $? = 0
configure:2641: gcc -V >&5
gcc: error: unrecognized command line option '-V'
gcc: fatal error: no input files
compilation terminated.
configure:2652: $? = 1
configure:2641: gcc -qversion >&5
gcc: error: unrecognized command line option '-qversion'; did you mean '--version'?
gcc: fatal error: no input files
compilation terminated.
configure:2652: $? = 1
configure:2672: checking whether the C compiler works
configure:2694: gcc -O3 -Wall  -O3 -Wall conftest.c  >&5
configure:2698: $? = 0
configure:2746: result: yes
configure:2749: checking for C compiler default output file name
configure:2751: result: a.out
configure:2757: checking for suffix of executables
configure:2764: gcc -o conftest -O3 -Wall  -O3 -Wall conftest.c  >&5
configure:2768: $? = 0
configure:2790: result: 
configure:2812: checking whether we are cross compiling
configure:2820: gcc -o conftest -O3 -Wall  -O3 -Wall conftest.c  >&5
configure:2824: $? = 0
configure:2831: ./conftest
configure:2835: $? = 0
configure:2850: result: no
configure:2855: checking for suffix of object files
configure:2877: gcc -c -O3 -Wall  conftest.c >&5
configure:2881: $? = 0
configure:2902: result: o
configure:2906: checking whether we are using the GNU C compiler
configure:2925: gcc -c -O3 -Wall  conftest.c >&5
configure:2925: $? = 0
configure:2934: result: yes
configure:2943: checking whether gcc accepts -g
configure:2963: gcc -c -g  conftest.c >&5
configure:2963: $? = 0
configure:3004: result: yes
configure:3021: checking for gcc option to accept ISO C89
configure:3084: gcc  -c -O3 -Wall  conftest.c >&5
configure:3084: $? = 0
configure:3097: result: none needed
configure:3124: checking for an ANSI C-conforming const
configure:3190: gcc -c -O3 -Wall  conftest.c >&5
configure:3190: $? = 0
configure:3197: result: yes
configure:3210: checking how to run the C preprocessor
configure:3241: gcc -E  conftest.c
configure:3241: $? = 0
configure:3255: gcc -E  conftest.c
conftest.c:9:10: fatal error: ac_nonexistent.h: No such file or directory
 #include <ac_nonexistent.h>
          ^~~~~~~~~~~~~~~~~~
compilation terminated.
configure:3255: $? = 1
configure: failed program was:
| /* confdefs.h */
| #define PACKAGE_NAME "cpabe"
| #define PACKAGE_TARNAME "cpabe"
| #define PACKAGE_VERSION "0.11"
| #define PACKAGE_STRING "cpabe 0.11"
| #define PACKAGE_BUGREPORT "bethenco@cs.berkeley.edu"
| #define PACKAGE_URL ""
| /* end confdefs.h.  */
| #include <ac_nonexistent.h>
configure:3280: result: gcc -E
configure:3300: gcc -E  conftest.c
configure:3300: $? = 0
configure:3314: gcc -E  conftest.c
conftest.c:9:10: fatal error: ac_nonexistent.h: No such file or directory
 #include <ac_nonexistent.h>
          ^~~~~~~~~~~~~~~~~~
compilation terminated.
configure:3314: $? = 1
configure: failed program was:
| /* confdefs.h */
| #define PACKAGE_NAME "cpabe"
| #define PACKAGE_TARNAME "cpabe"
| #define PACKAGE_VERSION "0.11"
| #define PACKAGE_STRING "cpabe 0.11"
| #define PACKAGE_BUGREPORT "bethenco@cs.berkeley.edu"
| #define PACKAGE_URL ""
| /* end confdefs.h.  */
| #include <ac_nonexistent.h>
configure:3343: checking for grep that handles long lines and -e
configure:3401: result: /bin/grep
configure:3406: checking for egrep
configure:3468: result: /bin/grep -E
configure:3473: checking for ANSI C header files
configure:3493: gcc -c -O3 -Wall  conftest.c >&5
configure:3493: $? = 0
configure:3566: gcc -o conftest -O3 -Wall  -O3 -Wall conftest.c  >&5
configure:3566: $? = 0
configure:3566: ./conftest
configure:3566: $? = 0
configure:3577: result: yes
configure:3590: checking for sys/types.h
configure:3590: gcc -c -O3 -Wall  conftest.c >&5
configure:3590: $? = 0
configure:3590: result: yes
configure:3590: checking for sys/stat.h
configure:3590: gcc -c -O3 -Wall  conftest.c >&5
configure:3590: $? = 0
configure:3590: result: yes
configure:3590: checking for stdlib.h
configure:3590: gcc -c -O3 -Wall  conftest.c >&5
configure:3590: $? = 0
configure:3590: result: yes
configure:3590: checking for string.h
configure:3590: gcc -c -O3 -Wall  conftest.c >&5
configure:3590: $? = 0
configure:3590: result: yes
configure:3590: checking for memory.h
configure:3590: gcc -c -O3 -Wall  conftest.c >&5
configure:3590: $? = 0
configure:3590: result: yes
configure:3590: checking for strings.h
configure:3590: gcc -c -O3 -Wall  conftest.c >&5
configure:3590: $? = 0
configure:3590: result: yes
configure:3590: checking for inttypes.h
configure:3590: gcc -c -O3 -Wall  conftest.c >&5
configure:3590: $? = 0
configure:3590: result: yes
configure:3590: checking for stdint.h
configure:3590: gcc -c -O3 -Wall  conftest.c >&5
configure:3590: $? = 0
configure:3590: result: yes
configure:3590: checking for unistd.h
configure:3590: gcc -c -O3 -Wall  conftest.c >&5
configure:3590: $? = 0
configure:3590: result: yes
configure:3602: checking for size_t
configure:3602: gcc -c -O3 -Wall  conftest.c >&5
configure:3602: $? = 0
configure:3602: gcc -c -O3 -Wall  conftest.c >&5
conftest.c: In function 'main':
conftest.c:55:21: error: expected expression before ')' token
 if (sizeof ((size_t)))
                     ^
configure:3602: $? = 1
configure: failed program was:
| /* confdefs.h */
| #define PACKAGE_NAME "cpabe"
| #define PACKAGE_TARNAME "cpabe"
| #define PACKAGE_VERSION "0.11"
| #define PACKAGE_STRING "cpabe 0.11"
| #define PACKAGE_BUGREPORT "bethenco@cs.berkeley.edu"
| #define PACKAGE_URL ""
| #define STDC_HEADERS 1
| #define HAVE_SYS_TYPES_H 1
| #define HAVE_SYS_STAT_H 1
| #define HAVE_STDLIB_H 1
| #define HAVE_STRING_H 1
| #define HAVE_MEMORY_H 1
| #define HAVE_STRINGS_H 1
| #define HAVE_INTTYPES_H 1
| #define HAVE_STDINT_H 1
| #define HAVE_UNISTD_H 1
| /* end confdefs.h.  */
| #include <stdio.h>
| #ifdef HAVE_SYS_TYPES_H
| # include <sys/types.h>
| #endif
| #ifdef HAVE_SYS_STAT_H
| # include <sys/stat.h>
| #endif
| #ifdef STDC_HEADERS
| # include <stdlib.h>
| # include <stddef.h>
| #else
| # ifdef HAVE_STDLIB_H
| #  include <stdlib.h>
| # endif
| #endif
| #ifdef HAVE_STRING_H
| # if !defined STDC_HEADERS && defined HAVE_MEMORY_H
| #  include <memory.h>
| # endif
| # include <string.h>
| #endif
| #ifdef HAVE_STRINGS_H
| # include <strings.h>
| #endif
| #ifdef HAVE_INTTYPES_H
| # include <inttypes.h>
| #endif
| #ifdef HAVE_STDINT_H
| # include <stdint.h>
| #endif
| #ifdef HAVE_UNISTD_H
| # include <unistd.h>
| #endif
| int
| main ()
| {
| if (sizeof ((size_t)))
| 	    return 0;
|   ;
|   return 0;
| }
configure:3602: result: yes
configure:3613: checking for uint32_t
configure:3613: gcc -c -O3 -Wall  conftest.c >&5
configure:3613: $? = 0
configure:3613: result: yes
configure:3627: checking for uint64_t
configure:3627: gcc -c -O3 -Wall  conftest.c >&5
configure:3627: $? = 0
configure:3627: result: yes
configure:3642: checking for ANSI C header files
configure:3746: result: yes
configure:3757: checking fcntl.h usability
configure:3757: gcc -c -O3 -Wall  conftest.c >&5
configure:3757: $? = 0
configure:3757: result: yes
configure:3757: checking fcntl.h presence
configure:3757: gcc -E  conftest.c
configure:3757: $? = 0
configure:3757: result: yes
configure:3757: checking for fcntl.h
configure:3757: result: yes
configure:3757: checking stddef.h usability
configure:3757: gcc -c -O3 -Wall  conftest.c >&5
configure:3757: $? = 0
configure:3757: result: yes
configure:3757: checking stddef.h presence
configure:3757: gcc -E  conftest.c
configure:3757: $? = 0
configure:3757: result: yes
configure:3757: checking for stddef.h
configure:3757: result: yes
configure:3757: checking for string.h
configure:3757: result: yes
configure:3772: checking for stdlib.h
configure:3772: result: yes
configure:3782: checking for GNU libc compatible malloc
configure:3806: gcc -o conftest -O3 -Wall  -O3 -Wall conftest.c  >&5
configure:3806: $? = 0
configure:3806: ./conftest
configure:3806: $? = 0
configure:3816: result: yes
configure:3837: checking whether lstat correctly handles trailing slash
configure:3863: gcc -o conftest -O3 -Wall  -O3 -Wall conftest.c  >&5
configure:3863: $? = 0
configure:3863: ./conftest
configure:3863: $? = 0
configure:3880: result: yes
configure:3899: checking whether stat accepts an empty string
configure:3919: gcc -o conftest -O3 -Wall  -O3 -Wall conftest.c  >&5
configure:3919: $? = 0
configure:3919: ./conftest
configure:3919: $? = 0
configure:3929: result: no
configure:3947: checking for vprintf
configure:3947: gcc -o conftest -O3 -Wall  -O3 -Wall conftest.c  >&5
conftest.c:49:6: warning: conflicting types for built-in function 'vprintf' [-Wbuiltin-declaration-mismatch]
 char vprintf ();
      ^~~~~~~
configure:3947: $? = 0
configure:3947: result: yes
configure:3953: checking for _doprnt
configure:3953: gcc -o conftest -O3 -Wall  -O3 -Wall conftest.c  >&5
/tmp/cczNue4F.o: In function `main':
conftest.c:(.text.startup+0x7): undefined reference to `_doprnt'
collect2: error: ld returned 1 exit status
configure:3953: $? = 1
configure: failed program was:
| /* confdefs.h */
| #define PACKAGE_NAME "cpabe"
| #define PACKAGE_TARNAME "cpabe"
| #define PACKAGE_VERSION "0.11"
| #define PACKAGE_STRING "cpabe 0.11"
| #define PACKAGE_BUGREPORT "bethenco@cs.berkeley.edu"
| #define PACKAGE_URL ""
| #define STDC_HEADERS 1
| #define HAVE_SYS_TYPES_H 1
| #define HAVE_SYS_STAT_H 1
| #define HAVE_STDLIB_H 1
| #define HAVE_STRING_H 1
| #define HAVE_MEMORY_H 1
| #define HAVE_STRINGS_H 1
| #define HAVE_INTTYPES_H 1
| #define HAVE_STDINT_H 1
| #define HAVE_UNISTD_H 1
| #define STDC_HEADERS 1
| #define HAVE_FCNTL_H 1
| #define HAVE_STDDEF_H 1
| #define HAVE_STRING_H 1
| #define HAVE_STDLIB_H 1
| #define HAVE_MALLOC 1
| #define LSTAT_FOLLOWS_SLASHED_SYMLINK 1
| #define HAVE_VPRINTF 1
| /* end confdefs.h.  */
| /* Define _doprnt to an innocuous variant, in case <limits.h> declares _doprnt.
|    For example, HP-UX 11i <limits.h> declares gettimeofday.  */
| #define _doprnt innocuous__doprnt
| 
| /* System header to define __stub macros and hopefully few prototypes,
|     which can conflict with char _doprnt (); below.
|     Prefer <limits.h> to <assert.h> if __STDC__ is defined, since
|     <limits.h> exists even on freestanding compilers.  */
| 
| #ifdef __STDC__
| # include <limits.h>
| #else
| # include <assert.h>
| #endif
| 
| #undef _doprnt
| 
| /* Override any GCC internal prototype to avoid an error.
|    Use char because int might match the return type of a GCC
|    builtin and then its argument prototype would still apply.  */
| #ifdef __cplusplus
| extern "C"
| #endif
| char _doprnt ();
| /* The GNU C library defines this for functions which it implements
|     to always fail with ENOSYS.  Some functions are actually named
|     something starting with __ and the normal name is an alias.  */
| #if defined __stub__doprnt || defined __stub____doprnt
| choke me
| #endif
| 
| int
| main ()
| {
| return _doprnt ();
|   ;
|   return 0;
| }
configure:3953: result: no
configure:3964: checking for SHA1 in -lcrypto
configure:3989: gcc -o conftest -O3 -Wall  -O3 -Wall conftest.c -lcrypto   >&5
configure:3989: $? = 0
configure:3998: result: yes
configure:4011: checking for EVP_aes_128_cbc in -lcrypto
configure:4036: gcc -o conftest -O3 -Wall  -O3 -Wall conftest.c -lcrypto  -lcrypto  >&5
configure:4036: $? = 0
configure:4045: result: yes
configure:4061: checking for strchr
configure:4061: gcc -o conftest -O3 -Wall  -O3 -Wall conftest.c -lcrypto -lcrypto  >&5
conftest.c:52:6: warning: conflicting types for built-in function 'strchr' [-Wbuiltin-declaration-mismatch]
 char strchr ();
      ^~~~~~
configure:4061: $? = 0
configure:4061: result: yes
configure:4061: checking for strdup
configure:4061: gcc -o conftest -O3 -Wall  -O3 -Wall conftest.c -lcrypto -lcrypto  >&5
conftest.c:53:6: warning: conflicting types for built-in function 'strdup' [-Wbuiltin-declaration-mismatch]
 char strdup ();
      ^~~~~~
configure:4061: $? = 0
configure:4061: result: yes
configure:4061: checking for memset
configure:4061: gcc -o conftest -O3 -Wall  -O3 -Wall conftest.c -lcrypto -lcrypto  >&5
conftest.c:54:6: warning: conflicting types for built-in function 'memset' [-Wbuiltin-declaration-mismatch]
 char memset ();
      ^~~~~~
configure:4061: $? = 0
configure:4061: result: yes
configure:4102: checking for pkg-config
configure:4120: found /usr/bin/pkg-config
configure:4133: result: /usr/bin/pkg-config
configure:4157: checking for GLIB - version >= 2.0.0
configure:4271: gcc -o conftest -O3 -Wall -I/usr/include/glib-2.0 -I/usr/lib/x86_64-linux-gnu/glib-2.0/include  -O3 -Wall conftest.c -lglib-2.0 -lcrypto -lcrypto  >&5
conftest.c: In function 'main':
conftest.c:43:3: warning: ignoring return value of 'system', declared with attribute warn_unused_result [-Wunused-result]
   system ("touch conf.glibtest");
   ^~~~~~~~~~~~~~~~~~~~~~~~~~~~~~
configure:4271: $? = 0
configure:4271: ./conftest
configure:4271: $? = 0
configure:4285: result: yes (version 2.56.4)
configure:4353: checking for GMP version >= 4.0.0 or later
configure:4400: gcc -o conftest -O3 -Wall   -O3 -Wall conftest.c -lcrypto -lcrypto  -Wl,-rpath /usr/local/lib -lgmp >&5
configure:4400: $? = 0
configure:4415: gcc -o conftest -O3 -Wall   -O3 -Wall conftest.c -lcrypto -lcrypto  -Wl,-rpath /usr/local/lib -lgmp >&5
configure:4415: $? = 0
configure:4415: ./conftest
configure:4415: $? = 0
configure:4417: result: found
configure:4476: checking for the PBC library
configure:4523: gcc -o conftest -O3 -Wall -I/usr/include/pbc -I/usr/local/include/pbc   -O3 -Wall conftest.c -lcrypto -lcrypto  -Wl,-rpath /usr/local/lib -lpbc -Wl,-rpath /usr/local/lib -lgmp >&5
configure:4523: $? = 0
configure:4525: result: found
configure:4564: checking for libbswabe
configure:4614: gcc -o conftest -O3 -Wall  -I/usr/include/pbc -I/usr/local/include/pbc  -I/usr/include/glib-2.0 -I/usr/lib/x86_64-linux-gnu/glib-2.0/include  -O3 -Wall conftest.c -lcrypto -lcrypto  -lbswabe -Wl,-rpath /usr/local/lib -lpbc -Wl,-rpath /usr/local/lib -lgmp -lglib-2.0 >&5
conftest.c: In function 'main':
conftest.c:41:4: warning: 'p' is used uninitialized in this function [-Wuninitialized]
    bswabe_pub_free(p);
    ^~~~~~~~~~~~~~~~~~
configure:4614: $? = 0
configure:4616: result: found
configure:4808: creating ./config.status

## ---------------- ##
## Cache variables. ##
## ---------------- ##

ac_cv_c_compiler_gnu=yes
ac_cv_c_const=yes
ac_cv_c_uint32_t=yes
ac_cv_c_uint64_t=yes
ac_cv_env_CC_set=
ac_cv_env_CC_value=
ac_cv_env_CFLAGS_set=
ac_cv_env_CFLAGS_value=
ac_cv_env_CPPFLAGS_set=
ac_cv_env_CPPFLAGS_value=
ac_cv_env_CPP_set=
ac_cv_env_CPP_value=
ac_cv_env_LDFLAGS_set=set
ac_cv_env_LDFLAGS_value='-lgmp -lpbc -lcrypto -L/usr/lib/x86_64-linux-gnu -lglib-2.0 -lbswabe -lgmp -fPIC'
ac_cv_env_LIBS_set=
ac_cv_env_LIBS_value=
ac_cv_env_YACC_set=
ac_cv_env_YACC_value=
ac_cv_env_YFLAGS_set=
ac_cv_env_YFLAGS_value=
ac_cv_env_build_alias_set=
ac_cv_env_build_alias_value=
ac_cv_env_host_alias_set=
ac_cv_env_host_alias_value=
ac_cv_env_target_alias_set=
ac_cv_env_target_alias_value=
ac_cv_func__doprnt=no
ac_cv_func_lstat_dereferences_slashed_symlink=yes
ac_cv_func_malloc_0_nonnull=yes
ac_cv_func_memset=yes
ac_cv_func_stat_empty_string_bug=no
ac_cv_func_strchr=yes
ac_cv_func_strdup=yes
ac_cv_func_vprintf=yes
ac_cv_header_fcntl_h=yes
ac_cv_header_inttypes_h=yes
ac_cv_header_memory_h=yes
ac_cv_header_stdc=yes
ac_cv_header_stddef_h=yes
ac_cv_header_stdint_h=yes
ac_cv_header_stdlib_h=yes
ac_cv_header_string_h=yes
ac_cv_header_strings_h=yes
ac_cv_header_sys_stat_h=yes
ac_cv_header_sys_types_h=yes
ac_cv_header_unistd_h=yes
ac_cv_lib_crypto_EVP_aes_128_cbc=yes
ac_cv_lib_crypto_SHA1=yes
ac_cv_objext=o
ac_cv_path_EGREP='/bin/grep -E'
ac_cv_path_GREP=/bin/grep
ac_cv_path_PKG_CONFIG=/usr/bin/pkg-config
ac_cv_prog_CPP='gcc -E'
ac_cv_prog_YACC='bison -y'
ac_cv_prog_ac_ct_CC=gcc
ac_cv_prog_cc_c89=
ac_cv_prog_cc_g=yes
ac_cv_type_size_t=yes

## ----------------- ##
## Output variables. ##
## ----------------- ##

BSWABE_CFLAGS=''
BSWABE_LIBS='-lbswabe'
CC='gcc'
CFLAGS='-O3 -Wall'
CPP='gcc -E'
CPPFLAGS=''
DEFS='-DPACKAGE_NAME=\"cpabe\" -DPACKAGE_TARNAME=\"cpabe\" -DPACKAGE_VERSION=\"0.11\" -DPACKAGE_STRING=\"cpabe\ 0.11\" -DPACKAGE_BUGREPORT=\"bethenco@cs.berkeley.edu\" -DPACKAGE_URL=\"\" -DSTDC_HEADERS=1 -DHAVE_SYS_TYPES_H=1 -DHAVE_SYS_STAT_H=1 -DHAVE_STDLIB_H=1 -DHAVE_STRING_H=1 -DHAVE_MEMORY_H=1 -DHAVE_STRINGS_H=1 -DHAVE_INTTYPES_H=1 -DHAVE_STDINT_H=1 -DHAVE_UNISTD_H=1 -DSTDC_HEADERS=1 -DHAVE_FCNTL_H=1 -DHAVE_STDDEF_H=1 -DHAVE_STRING_H=1 -DHAVE_STDLIB_H=1 -DHAVE_MALLOC=1 -DLSTAT_FOLLOWS_SLASHED_SYMLINK=1 -DHAVE_VPRINTF=1 -DHAVE_LIBCRYPTO=1 -DHAVE_LIBCRYPTO=1 -DHAVE_STRCHR=1 -DHAVE_STRDUP=1 -DHAVE_MEMSET=1 -DHAVE_GMP=1 -DHAVE_PBC=1 -DHAVE_BSWABE=1'
ECHO_C=''
ECHO_N='-n'
ECHO_T=''
EGREP='/bin/grep -E'
EXEEXT=''
GLIB_CFLAGS='-I/usr/include/glib-2.0 -I/usr/lib/x86_64-linux-gnu/glib-2.0/include'
GLIB_GENMARSHAL='glib-genmarshal'
GLIB_LIBS='-lglib-2.0'
GLIB_MKENUMS='glib-mkenums'
GMP_CFLAGS=''
GMP_LIBS='-Wl,-rpath /usr/local/lib -lgmp'
GOBJECT_QUERY='gobject-query'
GREP='/bin/grep'
LDFLAGS='-O3 -Wall'
LIBOBJS=''
LIBS='-lcrypto -lcrypto '
LTLIBOBJS=''
OBJEXT='o'
PACKAGE_BUGREPORT='bethenco@cs.berkeley.edu'
PACKAGE_NAME='cpabe'
PACKAGE_STRING='cpabe 0.11'
PACKAGE_TARNAME='cpabe'
PACKAGE_URL=''
PACKAGE_VERSION='0.11'
PATH_SEPARATOR=':'
PBC_CFLAGS='-I/usr/include/pbc -I/usr/local/include/pbc'
PBC_LIBS='-Wl,-rpath /usr/local/lib -lpbc'
PKG_CONFIG='/usr/bin/pkg-config'
SHELL='/bin/bash'
YACC='bison -y'
YFLAGS=''
ac_ct_CC='gcc'
bindir='${exec_prefix}/bin'
build_alias=''
datadir='${datarootdir}'
datarootdir='${prefix}/share'
docdir='${datarootdir}/doc/${PACKAGE_TARNAME}'
dvidir='${docdir}'
exec_prefix='${prefix}'
host_alias=''
htmldir='${docdir}'
includedir='${prefix}/include'
infodir='${datarootdir}/info'
libdir='${exec_prefix}/lib'
libexecdir='${exec_prefix}/libexec'
localedir='${datarootdir}/locale'
localstatedir='${prefix}/var'
mandir='${datarootdir}/man'
oldincludedir='/usr/include'
pdfdir='${docdir}'
prefix='/usr/local'
program_transform_name='s,x,x,'
psdir='${docdir}'
runstatedir='${localstatedir}/run'
sbindir='${exec_prefix}/sbin'
sharedstatedir='${prefix}/com'
sysconfdir='${prefix}/etc'
target_alias=''

## ----------- ##
## confdefs.h. ##
## ----------- ##

/* confdefs.h */
#define PACKAGE_NAME "cpabe"
#define PACKAGE_TARNAME "cpabe"
#define PACKAGE_VERSION "0.11"
#define PACKAGE_STRING "cpabe 0.11"
#define PACKAGE_BUGREPORT "bethenco@cs.berkeley.edu"
#define PACKAGE_URL ""
#define STDC_HEADERS 1
#define HAVE_SYS_TYPES_H 1
#define HAVE_SYS_STAT_H 1
#define HAVE_STDLIB_H 1
#define HAVE_STRING_H 1
#define HAVE_MEMORY_H 1
#define HAVE_STRINGS_H 1
#define HAVE_INTTYPES_H 1
#define HAVE_STDINT_H 1
#define HAVE_UNISTD_H 1
#define STDC_HEADERS 1
#define HAVE_FCNTL_H 1
#define HAVE_STDDEF_H 1
#define HAVE_STRING_H 1
#define HAVE_STDLIB_H 1
#define HAVE_MALLOC 1
#define LSTAT_FOLLOWS_SLASHED_SYMLINK 1
#define HAVE_VPRINTF 1
#define HAVE_LIBCRYPTO 1
#define HAVE_LIBCRYPTO 1
#define HAVE_STRCHR 1
#define HAVE_STRDUP 1
#define HAVE_MEMSET 1
#define HAVE_GMP 1
#define HAVE_PBC 1
#define HAVE_BSWABE 1

configure: exit 0

## ---------------------- ##
## Running config.status. ##
## ---------------------- ##

This file was extended by cpabe config.status 0.11, which was
generated by GNU Autoconf 2.69.  Invocation command line was

  CONFIG_FILES    = 
  CONFIG_HEADERS  = 
  CONFIG_LINKS    = 
  CONFIG_COMMANDS = 
  $ ./config.status 

on R-Phantom

config.status:740: creating Makefile
config.status:839: WARNING:  'Makefile.in' seems to ignore the --datarootdir setting
